mode: set
github.com/kymaka/vortex-test/internal/infrastructure/db/db.go:17.44,29.16 9 0
github.com/kymaka/vortex-test/internal/infrastructure/db/db.go:29.16,31.3 1 0
github.com/kymaka/vortex-test/internal/infrastructure/db/db.go:33.2,34.16 2 0
github.com/kymaka/vortex-test/internal/infrastructure/db/db.go:34.16,36.3 1 0
github.com/kymaka/vortex-test/internal/infrastructure/db/db.go:37.2,37.37 1 0
github.com/kymaka/vortex-test/internal/infrastructure/db/db.go:37.37,39.3 1 0
github.com/kymaka/vortex-test/internal/infrastructure/db/db.go:41.2,41.16 1 0
github.com/kymaka/vortex-test/internal/infrastructure/db/db.go:48.33,58.51 1 0
github.com/kymaka/vortex-test/internal/infrastructure/db/db.go:58.51,60.3 1 0
github.com/kymaka/vortex-test/internal/infrastructure/db/db.go:62.2,79.69 1 0
github.com/kymaka/vortex-test/internal/infrastructure/db/db.go:79.69,81.3 1 0
github.com/kymaka/vortex-test/internal/infrastructure/db/db.go:83.2,83.12 1 0
github.com/kymaka/vortex-test/internal/models/order_book.go:25.47,27.2 1 0
github.com/kymaka/vortex-test/internal/models/order_book.go:29.48,30.27 1 0
github.com/kymaka/vortex-test/internal/models/order_book.go:31.14,32.30 1 0
github.com/kymaka/vortex-test/internal/models/order_book.go:33.14,34.38 1 0
github.com/kymaka/vortex-test/internal/models/order_book.go:35.10,36.51 1 0
github.com/kymaka/vortex-test/internal/models/order_book.go:48.50,56.2 1 0
github.com/kymaka/vortex-test/internal/models/order_book.go:58.42,66.2 1 0
github.com/kymaka/vortex-test/internal/models/order_book.go:68.55,70.31 2 0
github.com/kymaka/vortex-test/internal/models/order_book.go:70.31,72.3 1 0
github.com/kymaka/vortex-test/internal/models/order_book.go:73.2,73.15 1 0
github.com/kymaka/vortex-test/internal/models/order_book.go:76.55,78.31 2 0
github.com/kymaka/vortex-test/internal/models/order_book.go:78.31,80.3 1 0
github.com/kymaka/vortex-test/internal/models/order_book.go:81.2,81.15 1 0
github.com/kymaka/vortex-test/docs/docs.go:369.13,371.2 1 0
github.com/kymaka/vortex-test/main.go:21.13,23.16 2 0
github.com/kymaka/vortex-test/main.go:23.16,25.3 1 0
github.com/kymaka/vortex-test/main.go:26.2,29.16 3 0
github.com/kymaka/vortex-test/main.go:29.16,31.3 1 0
github.com/kymaka/vortex-test/main.go:33.2,41.29 6 0
github.com/kymaka/vortex-test/main.go:41.29,46.3 3 0
github.com/kymaka/vortex-test/main.go:48.2,48.29 1 0
github.com/kymaka/vortex-test/main.go:48.29,53.3 3 0
github.com/kymaka/vortex-test/main.go:55.2,55.33 1 0
github.com/kymaka/vortex-test/main.go:21.13,23.16 2 0
github.com/kymaka/vortex-test/main.go:23.16,25.3 1 0
github.com/kymaka/vortex-test/main.go:26.2,29.16 3 0
github.com/kymaka/vortex-test/main.go:29.16,31.3 1 0
github.com/kymaka/vortex-test/main.go:33.2,41.29 6 0
github.com/kymaka/vortex-test/main.go:41.29,46.3 3 0
github.com/kymaka/vortex-test/main.go:48.2,48.29 1 0
github.com/kymaka/vortex-test/main.go:48.29,53.3 3 0
github.com/kymaka/vortex-test/main.go:55.2,55.33 1 0
github.com/kymaka/vortex-test/docs/docs.go:369.13,371.2 1 0
github.com/kymaka/vortex-test/internal/infrastructure/db/db.go:17.44,29.16 9 0
github.com/kymaka/vortex-test/internal/infrastructure/db/db.go:29.16,31.3 1 0
github.com/kymaka/vortex-test/internal/infrastructure/db/db.go:33.2,34.16 2 0
github.com/kymaka/vortex-test/internal/infrastructure/db/db.go:34.16,36.3 1 0
github.com/kymaka/vortex-test/internal/infrastructure/db/db.go:37.2,37.37 1 0
github.com/kymaka/vortex-test/internal/infrastructure/db/db.go:37.37,39.3 1 0
github.com/kymaka/vortex-test/internal/infrastructure/db/db.go:41.2,41.16 1 0
github.com/kymaka/vortex-test/internal/infrastructure/db/db.go:48.33,58.51 1 0
github.com/kymaka/vortex-test/internal/infrastructure/db/db.go:58.51,60.3 1 0
github.com/kymaka/vortex-test/internal/infrastructure/db/db.go:62.2,79.69 1 0
github.com/kymaka/vortex-test/internal/infrastructure/db/db.go:79.69,81.3 1 0
github.com/kymaka/vortex-test/internal/infrastructure/db/db.go:83.2,83.12 1 0
github.com/kymaka/vortex-test/internal/models/order_book.go:25.47,27.2 1 0
github.com/kymaka/vortex-test/internal/models/order_book.go:29.48,30.27 1 0
github.com/kymaka/vortex-test/internal/models/order_book.go:31.14,32.30 1 0
github.com/kymaka/vortex-test/internal/models/order_book.go:33.14,34.38 1 0
github.com/kymaka/vortex-test/internal/models/order_book.go:35.10,36.51 1 0
github.com/kymaka/vortex-test/internal/models/order_book.go:48.50,56.2 1 0
github.com/kymaka/vortex-test/internal/models/order_book.go:58.42,66.2 1 0
github.com/kymaka/vortex-test/internal/models/order_book.go:68.55,70.31 2 0
github.com/kymaka/vortex-test/internal/models/order_book.go:70.31,72.3 1 0
github.com/kymaka/vortex-test/internal/models/order_book.go:73.2,73.15 1 0
github.com/kymaka/vortex-test/internal/models/order_book.go:76.55,78.31 2 0
github.com/kymaka/vortex-test/internal/models/order_book.go:78.31,80.3 1 0
github.com/kymaka/vortex-test/internal/models/order_book.go:81.2,81.15 1 0
github.com/kymaka/vortex-test/internal/modules/controller/order_controller.go:25.65,27.2 1 1
github.com/kymaka/vortex-test/internal/modules/controller/order_controller.go:42.93,46.38 3 1
github.com/kymaka/vortex-test/internal/modules/controller/order_controller.go:46.38,49.3 2 1
github.com/kymaka/vortex-test/internal/modules/controller/order_controller.go:51.2,52.16 2 1
github.com/kymaka/vortex-test/internal/modules/controller/order_controller.go:52.16,53.45 1 1
github.com/kymaka/vortex-test/internal/modules/controller/order_controller.go:53.45,56.4 2 1
github.com/kymaka/vortex-test/internal/modules/controller/order_controller.go:58.3,59.9 2 1
github.com/kymaka/vortex-test/internal/modules/controller/order_controller.go:62.2,65.16 4 1
github.com/kymaka/vortex-test/internal/modules/controller/order_controller.go:80.94,83.36 3 1
github.com/kymaka/vortex-test/internal/modules/controller/order_controller.go:83.36,86.3 2 1
github.com/kymaka/vortex-test/internal/modules/controller/order_controller.go:88.2,89.16 2 1
github.com/kymaka/vortex-test/internal/modules/controller/order_controller.go:89.16,92.3 2 1
github.com/kymaka/vortex-test/internal/modules/controller/order_controller.go:94.2,94.30 1 1
github.com/kymaka/vortex-test/internal/modules/controller/order_controller.go:109.96,112.16 3 1
github.com/kymaka/vortex-test/internal/modules/controller/order_controller.go:112.16,115.3 2 1
github.com/kymaka/vortex-test/internal/modules/controller/order_controller.go:117.2,118.16 2 1
github.com/kymaka/vortex-test/internal/modules/controller/order_controller.go:118.16,119.45 1 1
github.com/kymaka/vortex-test/internal/modules/controller/order_controller.go:119.45,122.4 2 1
github.com/kymaka/vortex-test/internal/modules/controller/order_controller.go:124.3,125.9 2 1
github.com/kymaka/vortex-test/internal/modules/controller/order_controller.go:128.2,131.16 4 1
github.com/kymaka/vortex-test/internal/modules/controller/order_controller.go:145.90,148.81 3 1
github.com/kymaka/vortex-test/internal/modules/controller/order_controller.go:148.81,151.3 2 1
github.com/kymaka/vortex-test/internal/modules/controller/order_controller.go:153.2,154.16 2 1
github.com/kymaka/vortex-test/internal/modules/controller/order_controller.go:154.16,157.3 2 1
github.com/kymaka/vortex-test/internal/modules/controller/order_controller.go:159.2,159.30 1 1
github.com/kymaka/vortex-test/internal/modules/repository/order_repository.go:20.53,22.2 1 0
github.com/kymaka/vortex-test/internal/modules/repository/order_repository.go:28.99,34.26 3 0
github.com/kymaka/vortex-test/internal/modules/repository/order_repository.go:34.26,36.3 1 0
github.com/kymaka/vortex-test/internal/modules/repository/order_repository.go:37.2,37.21 1 0
github.com/kymaka/vortex-test/internal/modules/repository/order_repository.go:37.21,39.3 1 0
github.com/kymaka/vortex-test/internal/modules/repository/order_repository.go:41.2,41.19 1 0
github.com/kymaka/vortex-test/internal/modules/repository/order_repository.go:48.73,51.21 2 0
github.com/kymaka/vortex-test/internal/modules/repository/order_repository.go:51.21,53.3 1 0
github.com/kymaka/vortex-test/internal/modules/repository/order_repository.go:55.2,55.12 1 0
github.com/kymaka/vortex-test/internal/modules/repository/order_repository.go:62.105,71.26 3 0
github.com/kymaka/vortex-test/internal/modules/repository/order_repository.go:71.26,73.3 1 0
github.com/kymaka/vortex-test/internal/modules/repository/order_repository.go:75.2,75.21 1 0
github.com/kymaka/vortex-test/internal/modules/repository/order_repository.go:75.21,77.3 1 0
github.com/kymaka/vortex-test/internal/modules/repository/order_repository.go:79.2,79.26 1 0
github.com/kymaka/vortex-test/internal/modules/repository/order_repository.go:86.83,89.21 2 0
github.com/kymaka/vortex-test/internal/modules/repository/order_repository.go:89.21,91.3 1 0
github.com/kymaka/vortex-test/internal/modules/repository/order_repository.go:93.2,93.12 1 0
github.com/kymaka/vortex-test/internal/modules/service/order_service.go:19.65,21.2 1 0
github.com/kymaka/vortex-test/internal/modules/service/order_service.go:27.102,29.16 2 0
github.com/kymaka/vortex-test/internal/modules/service/order_service.go:29.16,31.3 1 0
github.com/kymaka/vortex-test/internal/modules/service/order_service.go:33.2,34.31 2 0
github.com/kymaka/vortex-test/internal/modules/service/order_service.go:34.31,37.3 2 0
github.com/kymaka/vortex-test/internal/modules/service/order_service.go:38.2,38.23 1 0
github.com/kymaka/vortex-test/internal/modules/service/order_service.go:45.120,56.2 3 0
github.com/kymaka/vortex-test/internal/modules/service/order_service.go:59.101,61.2 1 0
github.com/kymaka/vortex-test/internal/modules/service/order_service.go:67.97,75.2 6 0
github.com/kymaka/vortex-test/main.go:21.13,23.16 2 0
github.com/kymaka/vortex-test/main.go:23.16,25.3 1 0
github.com/kymaka/vortex-test/main.go:26.2,29.16 3 0
github.com/kymaka/vortex-test/main.go:29.16,31.3 1 0
github.com/kymaka/vortex-test/main.go:33.2,41.29 6 0
github.com/kymaka/vortex-test/main.go:41.29,46.3 3 0
github.com/kymaka/vortex-test/main.go:48.2,48.29 1 0
github.com/kymaka/vortex-test/main.go:48.29,53.3 3 0
github.com/kymaka/vortex-test/main.go:55.2,55.33 1 0
github.com/kymaka/vortex-test/docs/docs.go:369.13,371.2 1 0
github.com/kymaka/vortex-test/internal/infrastructure/db/db.go:17.44,29.16 9 0
github.com/kymaka/vortex-test/internal/infrastructure/db/db.go:29.16,31.3 1 0
github.com/kymaka/vortex-test/internal/infrastructure/db/db.go:33.2,34.16 2 0
github.com/kymaka/vortex-test/internal/infrastructure/db/db.go:34.16,36.3 1 0
github.com/kymaka/vortex-test/internal/infrastructure/db/db.go:37.2,37.37 1 0
github.com/kymaka/vortex-test/internal/infrastructure/db/db.go:37.37,39.3 1 0
github.com/kymaka/vortex-test/internal/infrastructure/db/db.go:41.2,41.16 1 0
github.com/kymaka/vortex-test/internal/infrastructure/db/db.go:48.33,58.51 1 0
github.com/kymaka/vortex-test/internal/infrastructure/db/db.go:58.51,60.3 1 0
github.com/kymaka/vortex-test/internal/infrastructure/db/db.go:62.2,79.69 1 0
github.com/kymaka/vortex-test/internal/infrastructure/db/db.go:79.69,81.3 1 0
github.com/kymaka/vortex-test/internal/infrastructure/db/db.go:83.2,83.12 1 0
github.com/kymaka/vortex-test/internal/models/order_book.go:25.47,27.2 1 0
github.com/kymaka/vortex-test/internal/models/order_book.go:29.48,30.27 1 0
github.com/kymaka/vortex-test/internal/models/order_book.go:31.14,32.30 1 0
github.com/kymaka/vortex-test/internal/models/order_book.go:33.14,34.38 1 0
github.com/kymaka/vortex-test/internal/models/order_book.go:35.10,36.51 1 0
github.com/kymaka/vortex-test/internal/models/order_book.go:48.50,56.2 1 1
github.com/kymaka/vortex-test/internal/models/order_book.go:58.42,66.2 1 1
github.com/kymaka/vortex-test/internal/models/order_book.go:68.55,70.31 2 1
github.com/kymaka/vortex-test/internal/models/order_book.go:70.31,72.3 1 0
github.com/kymaka/vortex-test/internal/models/order_book.go:73.2,73.15 1 1
github.com/kymaka/vortex-test/internal/models/order_book.go:76.55,78.31 2 1
github.com/kymaka/vortex-test/internal/models/order_book.go:78.31,80.3 1 0
github.com/kymaka/vortex-test/internal/models/order_book.go:81.2,81.15 1 1
github.com/kymaka/vortex-test/internal/modules/controller/order_controller.go:25.65,27.2 1 0
github.com/kymaka/vortex-test/internal/modules/controller/order_controller.go:42.93,46.38 3 0
github.com/kymaka/vortex-test/internal/modules/controller/order_controller.go:46.38,49.3 2 0
github.com/kymaka/vortex-test/internal/modules/controller/order_controller.go:51.2,52.16 2 0
github.com/kymaka/vortex-test/internal/modules/controller/order_controller.go:52.16,53.45 1 0
github.com/kymaka/vortex-test/internal/modules/controller/order_controller.go:53.45,56.4 2 0
github.com/kymaka/vortex-test/internal/modules/controller/order_controller.go:58.3,59.9 2 0
github.com/kymaka/vortex-test/internal/modules/controller/order_controller.go:62.2,65.16 4 0
github.com/kymaka/vortex-test/internal/modules/controller/order_controller.go:80.94,83.36 3 0
github.com/kymaka/vortex-test/internal/modules/controller/order_controller.go:83.36,86.3 2 0
github.com/kymaka/vortex-test/internal/modules/controller/order_controller.go:88.2,89.16 2 0
github.com/kymaka/vortex-test/internal/modules/controller/order_controller.go:89.16,92.3 2 0
github.com/kymaka/vortex-test/internal/modules/controller/order_controller.go:94.2,94.30 1 0
github.com/kymaka/vortex-test/internal/modules/controller/order_controller.go:109.96,112.16 3 0
github.com/kymaka/vortex-test/internal/modules/controller/order_controller.go:112.16,115.3 2 0
github.com/kymaka/vortex-test/internal/modules/controller/order_controller.go:117.2,118.16 2 0
github.com/kymaka/vortex-test/internal/modules/controller/order_controller.go:118.16,119.45 1 0
github.com/kymaka/vortex-test/internal/modules/controller/order_controller.go:119.45,122.4 2 0
github.com/kymaka/vortex-test/internal/modules/controller/order_controller.go:124.3,125.9 2 0
github.com/kymaka/vortex-test/internal/modules/controller/order_controller.go:128.2,131.16 4 0
github.com/kymaka/vortex-test/internal/modules/controller/order_controller.go:145.90,148.81 3 0
github.com/kymaka/vortex-test/internal/modules/controller/order_controller.go:148.81,151.3 2 0
github.com/kymaka/vortex-test/internal/modules/controller/order_controller.go:153.2,154.16 2 0
github.com/kymaka/vortex-test/internal/modules/controller/order_controller.go:154.16,157.3 2 0
github.com/kymaka/vortex-test/internal/modules/controller/order_controller.go:159.2,159.30 1 0
github.com/kymaka/vortex-test/internal/modules/repository/order_repository.go:20.53,22.2 1 0
github.com/kymaka/vortex-test/internal/modules/repository/order_repository.go:28.99,34.26 3 0
github.com/kymaka/vortex-test/internal/modules/repository/order_repository.go:34.26,36.3 1 0
github.com/kymaka/vortex-test/internal/modules/repository/order_repository.go:37.2,37.21 1 0
github.com/kymaka/vortex-test/internal/modules/repository/order_repository.go:37.21,39.3 1 0
github.com/kymaka/vortex-test/internal/modules/repository/order_repository.go:41.2,41.19 1 0
github.com/kymaka/vortex-test/internal/modules/repository/order_repository.go:48.73,51.21 2 0
github.com/kymaka/vortex-test/internal/modules/repository/order_repository.go:51.21,53.3 1 0
github.com/kymaka/vortex-test/internal/modules/repository/order_repository.go:55.2,55.12 1 0
github.com/kymaka/vortex-test/internal/modules/repository/order_repository.go:62.105,71.26 3 0
github.com/kymaka/vortex-test/internal/modules/repository/order_repository.go:71.26,73.3 1 0
github.com/kymaka/vortex-test/internal/modules/repository/order_repository.go:75.2,75.21 1 0
github.com/kymaka/vortex-test/internal/modules/repository/order_repository.go:75.21,77.3 1 0
github.com/kymaka/vortex-test/internal/modules/repository/order_repository.go:79.2,79.26 1 0
github.com/kymaka/vortex-test/internal/modules/repository/order_repository.go:86.83,89.21 2 0
github.com/kymaka/vortex-test/internal/modules/repository/order_repository.go:89.21,91.3 1 0
github.com/kymaka/vortex-test/internal/modules/repository/order_repository.go:93.2,93.12 1 0
github.com/kymaka/vortex-test/internal/modules/service/order_service.go:19.65,21.2 1 1
github.com/kymaka/vortex-test/internal/modules/service/order_service.go:27.102,29.16 2 1
github.com/kymaka/vortex-test/internal/modules/service/order_service.go:29.16,31.3 1 1
github.com/kymaka/vortex-test/internal/modules/service/order_service.go:33.2,34.31 2 1
github.com/kymaka/vortex-test/internal/modules/service/order_service.go:34.31,37.3 2 1
github.com/kymaka/vortex-test/internal/modules/service/order_service.go:38.2,38.23 1 1
github.com/kymaka/vortex-test/internal/modules/service/order_service.go:45.120,56.2 3 1
github.com/kymaka/vortex-test/internal/modules/service/order_service.go:59.101,61.2 1 1
github.com/kymaka/vortex-test/internal/modules/service/order_service.go:67.97,75.2 6 1
github.com/kymaka/vortex-test/main.go:21.13,23.16 2 0
github.com/kymaka/vortex-test/main.go:23.16,25.3 1 0
github.com/kymaka/vortex-test/main.go:26.2,29.16 3 0
github.com/kymaka/vortex-test/main.go:29.16,31.3 1 0
github.com/kymaka/vortex-test/main.go:33.2,41.29 6 0
github.com/kymaka/vortex-test/main.go:41.29,46.3 3 0
github.com/kymaka/vortex-test/main.go:48.2,48.29 1 0
github.com/kymaka/vortex-test/main.go:48.29,53.3 3 0
github.com/kymaka/vortex-test/main.go:55.2,55.33 1 0
github.com/kymaka/vortex-test/docs/docs.go:369.13,371.2 1 0
github.com/kymaka/vortex-test/internal/infrastructure/db/db.go:17.44,29.16 9 0
github.com/kymaka/vortex-test/internal/infrastructure/db/db.go:29.16,31.3 1 0
github.com/kymaka/vortex-test/internal/infrastructure/db/db.go:33.2,34.16 2 0
github.com/kymaka/vortex-test/internal/infrastructure/db/db.go:34.16,36.3 1 0
github.com/kymaka/vortex-test/internal/infrastructure/db/db.go:37.2,37.37 1 0
github.com/kymaka/vortex-test/internal/infrastructure/db/db.go:37.37,39.3 1 0
github.com/kymaka/vortex-test/internal/infrastructure/db/db.go:41.2,41.16 1 0
github.com/kymaka/vortex-test/internal/infrastructure/db/db.go:48.33,58.51 1 0
github.com/kymaka/vortex-test/internal/infrastructure/db/db.go:58.51,60.3 1 0
github.com/kymaka/vortex-test/internal/infrastructure/db/db.go:62.2,79.69 1 0
github.com/kymaka/vortex-test/internal/infrastructure/db/db.go:79.69,81.3 1 0
github.com/kymaka/vortex-test/internal/infrastructure/db/db.go:83.2,83.12 1 0
github.com/kymaka/vortex-test/internal/models/order_book.go:25.47,27.2 1 1
github.com/kymaka/vortex-test/internal/models/order_book.go:29.48,30.27 1 1
github.com/kymaka/vortex-test/internal/models/order_book.go:31.14,32.30 1 0
github.com/kymaka/vortex-test/internal/models/order_book.go:33.14,34.38 1 1
github.com/kymaka/vortex-test/internal/models/order_book.go:35.10,36.51 1 0
github.com/kymaka/vortex-test/internal/models/order_book.go:48.50,56.2 1 0
github.com/kymaka/vortex-test/internal/models/order_book.go:58.42,66.2 1 0
github.com/kymaka/vortex-test/internal/models/order_book.go:68.55,70.31 2 0
github.com/kymaka/vortex-test/internal/models/order_book.go:70.31,72.3 1 0
github.com/kymaka/vortex-test/internal/models/order_book.go:73.2,73.15 1 0
github.com/kymaka/vortex-test/internal/models/order_book.go:76.55,78.31 2 0
github.com/kymaka/vortex-test/internal/models/order_book.go:78.31,80.3 1 0
github.com/kymaka/vortex-test/internal/models/order_book.go:81.2,81.15 1 0
github.com/kymaka/vortex-test/internal/modules/controller/order_controller.go:25.65,27.2 1 0
github.com/kymaka/vortex-test/internal/modules/controller/order_controller.go:42.93,46.38 3 0
github.com/kymaka/vortex-test/internal/modules/controller/order_controller.go:46.38,49.3 2 0
github.com/kymaka/vortex-test/internal/modules/controller/order_controller.go:51.2,52.16 2 0
github.com/kymaka/vortex-test/internal/modules/controller/order_controller.go:52.16,53.45 1 0
github.com/kymaka/vortex-test/internal/modules/controller/order_controller.go:53.45,56.4 2 0
github.com/kymaka/vortex-test/internal/modules/controller/order_controller.go:58.3,59.9 2 0
github.com/kymaka/vortex-test/internal/modules/controller/order_controller.go:62.2,65.16 4 0
github.com/kymaka/vortex-test/internal/modules/controller/order_controller.go:80.94,83.36 3 0
github.com/kymaka/vortex-test/internal/modules/controller/order_controller.go:83.36,86.3 2 0
github.com/kymaka/vortex-test/internal/modules/controller/order_controller.go:88.2,89.16 2 0
github.com/kymaka/vortex-test/internal/modules/controller/order_controller.go:89.16,92.3 2 0
github.com/kymaka/vortex-test/internal/modules/controller/order_controller.go:94.2,94.30 1 0
github.com/kymaka/vortex-test/internal/modules/controller/order_controller.go:109.96,112.16 3 0
github.com/kymaka/vortex-test/internal/modules/controller/order_controller.go:112.16,115.3 2 0
github.com/kymaka/vortex-test/internal/modules/controller/order_controller.go:117.2,118.16 2 0
github.com/kymaka/vortex-test/internal/modules/controller/order_controller.go:118.16,119.45 1 0
github.com/kymaka/vortex-test/internal/modules/controller/order_controller.go:119.45,122.4 2 0
github.com/kymaka/vortex-test/internal/modules/controller/order_controller.go:124.3,125.9 2 0
github.com/kymaka/vortex-test/internal/modules/controller/order_controller.go:128.2,131.16 4 0
github.com/kymaka/vortex-test/internal/modules/controller/order_controller.go:145.90,148.81 3 0
github.com/kymaka/vortex-test/internal/modules/controller/order_controller.go:148.81,151.3 2 0
github.com/kymaka/vortex-test/internal/modules/controller/order_controller.go:153.2,154.16 2 0
github.com/kymaka/vortex-test/internal/modules/controller/order_controller.go:154.16,157.3 2 0
github.com/kymaka/vortex-test/internal/modules/controller/order_controller.go:159.2,159.30 1 0
github.com/kymaka/vortex-test/internal/modules/repository/order_repository.go:20.53,22.2 1 1
github.com/kymaka/vortex-test/internal/modules/repository/order_repository.go:28.99,34.26 3 1
github.com/kymaka/vortex-test/internal/modules/repository/order_repository.go:34.26,36.3 1 0
github.com/kymaka/vortex-test/internal/modules/repository/order_repository.go:37.2,37.21 1 1
github.com/kymaka/vortex-test/internal/modules/repository/order_repository.go:37.21,39.3 1 0
github.com/kymaka/vortex-test/internal/modules/repository/order_repository.go:41.2,41.19 1 1
github.com/kymaka/vortex-test/internal/modules/repository/order_repository.go:48.73,51.21 2 1
github.com/kymaka/vortex-test/internal/modules/repository/order_repository.go:51.21,53.3 1 0
github.com/kymaka/vortex-test/internal/modules/repository/order_repository.go:55.2,55.12 1 1
github.com/kymaka/vortex-test/internal/modules/repository/order_repository.go:62.105,71.26 3 1
github.com/kymaka/vortex-test/internal/modules/repository/order_repository.go:71.26,73.3 1 0
github.com/kymaka/vortex-test/internal/modules/repository/order_repository.go:75.2,75.21 1 1
github.com/kymaka/vortex-test/internal/modules/repository/order_repository.go:75.21,77.3 1 0
github.com/kymaka/vortex-test/internal/modules/repository/order_repository.go:79.2,79.26 1 1
github.com/kymaka/vortex-test/internal/modules/repository/order_repository.go:86.83,89.21 2 1
github.com/kymaka/vortex-test/internal/modules/repository/order_repository.go:89.21,91.3 1 0
github.com/kymaka/vortex-test/internal/modules/repository/order_repository.go:93.2,93.12 1 1
github.com/kymaka/vortex-test/internal/modules/service/order_service.go:19.65,21.2 1 0
github.com/kymaka/vortex-test/internal/modules/service/order_service.go:27.102,29.16 2 0
github.com/kymaka/vortex-test/internal/modules/service/order_service.go:29.16,31.3 1 0
github.com/kymaka/vortex-test/internal/modules/service/order_service.go:33.2,34.31 2 0
github.com/kymaka/vortex-test/internal/modules/service/order_service.go:34.31,37.3 2 0
github.com/kymaka/vortex-test/internal/modules/service/order_service.go:38.2,38.23 1 0
github.com/kymaka/vortex-test/internal/modules/service/order_service.go:45.120,56.2 3 0
github.com/kymaka/vortex-test/internal/modules/service/order_service.go:59.101,61.2 1 0
github.com/kymaka/vortex-test/internal/modules/service/order_service.go:67.97,75.2 6 0
