mode: set
vortex_test/main.go:20.13,22.16 2 0
vortex_test/main.go:22.16,24.3 1 0
vortex_test/main.go:25.2,28.16 3 0
vortex_test/main.go:28.16,30.3 1 0
vortex_test/main.go:32.2,40.29 6 0
vortex_test/main.go:40.29,45.3 3 0
vortex_test/main.go:47.2,47.29 1 0
vortex_test/main.go:47.29,52.3 3 0
vortex_test/main.go:54.2,54.33 1 0
vortex_test/internal/infrastructure/db/db.go:17.44,29.16 9 0
vortex_test/internal/infrastructure/db/db.go:29.16,31.3 1 0
vortex_test/internal/infrastructure/db/db.go:33.2,34.16 2 0
vortex_test/internal/infrastructure/db/db.go:34.16,36.3 1 0
vortex_test/internal/infrastructure/db/db.go:37.2,37.37 1 0
vortex_test/internal/infrastructure/db/db.go:37.37,39.3 1 0
vortex_test/internal/infrastructure/db/db.go:41.2,41.16 1 0
vortex_test/internal/infrastructure/db/db.go:48.33,58.51 1 0
vortex_test/internal/infrastructure/db/db.go:58.51,60.3 1 0
vortex_test/internal/infrastructure/db/db.go:62.2,79.69 1 0
vortex_test/internal/infrastructure/db/db.go:79.69,81.3 1 0
vortex_test/internal/infrastructure/db/db.go:83.2,83.12 1 0
vortex_test/docs/docs.go:366.13,368.2 1 0
vortex_test/internal/models/order_book.go:25.47,27.2 1 0
vortex_test/internal/models/order_book.go:29.48,30.27 1 0
vortex_test/internal/models/order_book.go:31.14,32.30 1 0
vortex_test/internal/models/order_book.go:33.14,34.38 1 0
vortex_test/internal/models/order_book.go:35.10,36.51 1 0
vortex_test/internal/models/order_book.go:48.50,56.2 1 0
vortex_test/internal/models/order_book.go:58.42,66.2 1 0
vortex_test/internal/models/order_book.go:68.55,70.31 2 0
vortex_test/internal/models/order_book.go:70.31,72.3 1 0
vortex_test/internal/models/order_book.go:73.2,73.15 1 0
vortex_test/internal/models/order_book.go:76.55,78.31 2 0
vortex_test/internal/models/order_book.go:78.31,80.3 1 0
vortex_test/internal/models/order_book.go:81.2,81.15 1 0
vortex_test/main.go:20.13,22.16 2 0
vortex_test/main.go:22.16,24.3 1 0
vortex_test/main.go:25.2,28.16 3 0
vortex_test/main.go:28.16,30.3 1 0
vortex_test/main.go:32.2,40.29 6 0
vortex_test/main.go:40.29,45.3 3 0
vortex_test/main.go:47.2,47.29 1 0
vortex_test/main.go:47.29,52.3 3 0
vortex_test/main.go:54.2,54.33 1 0
vortex_test/docs/docs.go:366.13,368.2 1 0
vortex_test/internal/infrastructure/db/db.go:17.44,29.16 9 0
vortex_test/internal/infrastructure/db/db.go:29.16,31.3 1 0
vortex_test/internal/infrastructure/db/db.go:33.2,34.16 2 0
vortex_test/internal/infrastructure/db/db.go:34.16,36.3 1 0
vortex_test/internal/infrastructure/db/db.go:37.2,37.37 1 0
vortex_test/internal/infrastructure/db/db.go:37.37,39.3 1 0
vortex_test/internal/infrastructure/db/db.go:41.2,41.16 1 0
vortex_test/internal/infrastructure/db/db.go:48.33,58.51 1 0
vortex_test/internal/infrastructure/db/db.go:58.51,60.3 1 0
vortex_test/internal/infrastructure/db/db.go:62.2,79.69 1 0
vortex_test/internal/infrastructure/db/db.go:79.69,81.3 1 0
vortex_test/internal/infrastructure/db/db.go:83.2,83.12 1 0
vortex_test/internal/models/order_book.go:25.47,27.2 1 0
vortex_test/internal/models/order_book.go:29.48,30.27 1 0
vortex_test/internal/models/order_book.go:31.14,32.30 1 0
vortex_test/internal/models/order_book.go:33.14,34.38 1 0
vortex_test/internal/models/order_book.go:35.10,36.51 1 0
vortex_test/internal/models/order_book.go:48.50,56.2 1 0
vortex_test/internal/models/order_book.go:58.42,66.2 1 0
vortex_test/internal/models/order_book.go:68.55,70.31 2 0
vortex_test/internal/models/order_book.go:70.31,72.3 1 0
vortex_test/internal/models/order_book.go:73.2,73.15 1 0
vortex_test/internal/models/order_book.go:76.55,78.31 2 0
vortex_test/internal/models/order_book.go:78.31,80.3 1 0
vortex_test/internal/models/order_book.go:81.2,81.15 1 0
vortex_test/internal/modules/controller/order_controller.go:24.65,26.2 1 1
vortex_test/internal/modules/controller/order_controller.go:41.93,45.38 3 1
vortex_test/internal/modules/controller/order_controller.go:45.38,48.3 2 1
vortex_test/internal/modules/controller/order_controller.go:50.2,51.16 2 1
vortex_test/internal/modules/controller/order_controller.go:51.16,52.45 1 1
vortex_test/internal/modules/controller/order_controller.go:52.45,55.4 2 1
vortex_test/internal/modules/controller/order_controller.go:57.3,58.9 2 1
vortex_test/internal/modules/controller/order_controller.go:61.2,64.16 4 1
vortex_test/internal/modules/controller/order_controller.go:79.94,82.36 3 1
vortex_test/internal/modules/controller/order_controller.go:82.36,85.3 2 1
vortex_test/internal/modules/controller/order_controller.go:87.2,88.16 2 1
vortex_test/internal/modules/controller/order_controller.go:88.16,91.3 2 1
vortex_test/internal/modules/controller/order_controller.go:93.2,93.30 1 1
vortex_test/internal/modules/controller/order_controller.go:108.96,111.16 3 1
vortex_test/internal/modules/controller/order_controller.go:111.16,114.3 2 1
vortex_test/internal/modules/controller/order_controller.go:116.2,117.16 2 1
vortex_test/internal/modules/controller/order_controller.go:117.16,118.45 1 1
vortex_test/internal/modules/controller/order_controller.go:118.45,121.4 2 1
vortex_test/internal/modules/controller/order_controller.go:123.3,124.9 2 1
vortex_test/internal/modules/controller/order_controller.go:127.2,130.16 4 1
vortex_test/internal/modules/controller/order_controller.go:144.90,147.81 3 1
vortex_test/internal/modules/controller/order_controller.go:147.81,150.3 2 1
vortex_test/internal/modules/controller/order_controller.go:152.2,153.16 2 1
vortex_test/internal/modules/controller/order_controller.go:153.16,156.3 2 1
vortex_test/internal/modules/controller/order_controller.go:158.2,158.30 1 1
vortex_test/internal/modules/repository/order_repository.go:20.53,22.2 1 0
vortex_test/internal/modules/repository/order_repository.go:28.99,34.26 3 0
vortex_test/internal/modules/repository/order_repository.go:34.26,36.3 1 0
vortex_test/internal/modules/repository/order_repository.go:37.2,37.21 1 0
vortex_test/internal/modules/repository/order_repository.go:37.21,39.3 1 0
vortex_test/internal/modules/repository/order_repository.go:41.2,41.19 1 0
vortex_test/internal/modules/repository/order_repository.go:48.73,51.21 2 0
vortex_test/internal/modules/repository/order_repository.go:51.21,53.3 1 0
vortex_test/internal/modules/repository/order_repository.go:55.2,55.12 1 0
vortex_test/internal/modules/repository/order_repository.go:62.105,71.26 3 0
vortex_test/internal/modules/repository/order_repository.go:71.26,73.3 1 0
vortex_test/internal/modules/repository/order_repository.go:75.2,75.21 1 0
vortex_test/internal/modules/repository/order_repository.go:75.21,77.3 1 0
vortex_test/internal/modules/repository/order_repository.go:79.2,79.26 1 0
vortex_test/internal/modules/repository/order_repository.go:86.83,89.21 2 0
vortex_test/internal/modules/repository/order_repository.go:89.21,91.3 1 0
vortex_test/internal/modules/repository/order_repository.go:93.2,93.12 1 0
vortex_test/internal/modules/service/order_service.go:19.65,21.2 1 0
vortex_test/internal/modules/service/order_service.go:27.102,29.16 2 0
vortex_test/internal/modules/service/order_service.go:29.16,31.3 1 0
vortex_test/internal/modules/service/order_service.go:33.2,34.31 2 0
vortex_test/internal/modules/service/order_service.go:34.31,37.3 2 0
vortex_test/internal/modules/service/order_service.go:38.2,38.23 1 0
vortex_test/internal/modules/service/order_service.go:45.120,56.2 3 0
vortex_test/internal/modules/service/order_service.go:59.101,61.2 1 0
vortex_test/internal/modules/service/order_service.go:67.97,75.2 6 0
vortex_test/main.go:20.13,22.16 2 0
vortex_test/main.go:22.16,24.3 1 0
vortex_test/main.go:25.2,28.16 3 0
vortex_test/main.go:28.16,30.3 1 0
vortex_test/main.go:32.2,40.29 6 0
vortex_test/main.go:40.29,45.3 3 0
vortex_test/main.go:47.2,47.29 1 0
vortex_test/main.go:47.29,52.3 3 0
vortex_test/main.go:54.2,54.33 1 0
vortex_test/docs/docs.go:366.13,368.2 1 0
vortex_test/internal/infrastructure/db/db.go:17.44,29.16 9 0
vortex_test/internal/infrastructure/db/db.go:29.16,31.3 1 0
vortex_test/internal/infrastructure/db/db.go:33.2,34.16 2 0
vortex_test/internal/infrastructure/db/db.go:34.16,36.3 1 0
vortex_test/internal/infrastructure/db/db.go:37.2,37.37 1 0
vortex_test/internal/infrastructure/db/db.go:37.37,39.3 1 0
vortex_test/internal/infrastructure/db/db.go:41.2,41.16 1 0
vortex_test/internal/infrastructure/db/db.go:48.33,58.51 1 0
vortex_test/internal/infrastructure/db/db.go:58.51,60.3 1 0
vortex_test/internal/infrastructure/db/db.go:62.2,79.69 1 0
vortex_test/internal/infrastructure/db/db.go:79.69,81.3 1 0
vortex_test/internal/infrastructure/db/db.go:83.2,83.12 1 0
vortex_test/internal/models/order_book.go:25.47,27.2 1 1
vortex_test/internal/models/order_book.go:29.48,30.27 1 1
vortex_test/internal/models/order_book.go:31.14,32.30 1 0
vortex_test/internal/models/order_book.go:33.14,34.38 1 1
vortex_test/internal/models/order_book.go:35.10,36.51 1 0
vortex_test/internal/models/order_book.go:48.50,56.2 1 0
vortex_test/internal/models/order_book.go:58.42,66.2 1 0
vortex_test/internal/models/order_book.go:68.55,70.31 2 0
vortex_test/internal/models/order_book.go:70.31,72.3 1 0
vortex_test/internal/models/order_book.go:73.2,73.15 1 0
vortex_test/internal/models/order_book.go:76.55,78.31 2 0
vortex_test/internal/models/order_book.go:78.31,80.3 1 0
vortex_test/internal/models/order_book.go:81.2,81.15 1 0
vortex_test/internal/modules/controller/order_controller.go:24.65,26.2 1 0
vortex_test/internal/modules/controller/order_controller.go:41.93,45.38 3 0
vortex_test/internal/modules/controller/order_controller.go:45.38,48.3 2 0
vortex_test/internal/modules/controller/order_controller.go:50.2,51.16 2 0
vortex_test/internal/modules/controller/order_controller.go:51.16,52.45 1 0
vortex_test/internal/modules/controller/order_controller.go:52.45,55.4 2 0
vortex_test/internal/modules/controller/order_controller.go:57.3,58.9 2 0
vortex_test/internal/modules/controller/order_controller.go:61.2,64.16 4 0
vortex_test/internal/modules/controller/order_controller.go:79.94,82.36 3 0
vortex_test/internal/modules/controller/order_controller.go:82.36,85.3 2 0
vortex_test/internal/modules/controller/order_controller.go:87.2,88.16 2 0
vortex_test/internal/modules/controller/order_controller.go:88.16,91.3 2 0
vortex_test/internal/modules/controller/order_controller.go:93.2,93.30 1 0
vortex_test/internal/modules/controller/order_controller.go:108.96,111.16 3 0
vortex_test/internal/modules/controller/order_controller.go:111.16,114.3 2 0
vortex_test/internal/modules/controller/order_controller.go:116.2,117.16 2 0
vortex_test/internal/modules/controller/order_controller.go:117.16,118.45 1 0
vortex_test/internal/modules/controller/order_controller.go:118.45,121.4 2 0
vortex_test/internal/modules/controller/order_controller.go:123.3,124.9 2 0
vortex_test/internal/modules/controller/order_controller.go:127.2,130.16 4 0
vortex_test/internal/modules/controller/order_controller.go:144.90,147.81 3 0
vortex_test/internal/modules/controller/order_controller.go:147.81,150.3 2 0
vortex_test/internal/modules/controller/order_controller.go:152.2,153.16 2 0
vortex_test/internal/modules/controller/order_controller.go:153.16,156.3 2 0
vortex_test/internal/modules/controller/order_controller.go:158.2,158.30 1 0
vortex_test/internal/modules/repository/order_repository.go:20.53,22.2 1 1
vortex_test/internal/modules/repository/order_repository.go:28.99,34.26 3 1
vortex_test/internal/modules/repository/order_repository.go:34.26,36.3 1 0
vortex_test/internal/modules/repository/order_repository.go:37.2,37.21 1 1
vortex_test/internal/modules/repository/order_repository.go:37.21,39.3 1 0
vortex_test/internal/modules/repository/order_repository.go:41.2,41.19 1 1
vortex_test/internal/modules/repository/order_repository.go:48.73,51.21 2 1
vortex_test/internal/modules/repository/order_repository.go:51.21,53.3 1 0
vortex_test/internal/modules/repository/order_repository.go:55.2,55.12 1 1
vortex_test/internal/modules/repository/order_repository.go:62.105,71.26 3 1
vortex_test/internal/modules/repository/order_repository.go:71.26,73.3 1 0
vortex_test/internal/modules/repository/order_repository.go:75.2,75.21 1 1
vortex_test/internal/modules/repository/order_repository.go:75.21,77.3 1 0
vortex_test/internal/modules/repository/order_repository.go:79.2,79.26 1 1
vortex_test/internal/modules/repository/order_repository.go:86.83,89.21 2 1
vortex_test/internal/modules/repository/order_repository.go:89.21,91.3 1 0
vortex_test/internal/modules/repository/order_repository.go:93.2,93.12 1 1
vortex_test/internal/modules/service/order_service.go:19.65,21.2 1 0
vortex_test/internal/modules/service/order_service.go:27.102,29.16 2 0
vortex_test/internal/modules/service/order_service.go:29.16,31.3 1 0
vortex_test/internal/modules/service/order_service.go:33.2,34.31 2 0
vortex_test/internal/modules/service/order_service.go:34.31,37.3 2 0
vortex_test/internal/modules/service/order_service.go:38.2,38.23 1 0
vortex_test/internal/modules/service/order_service.go:45.120,56.2 3 0
vortex_test/internal/modules/service/order_service.go:59.101,61.2 1 0
vortex_test/internal/modules/service/order_service.go:67.97,75.2 6 0
vortex_test/main.go:20.13,22.16 2 0
vortex_test/main.go:22.16,24.3 1 0
vortex_test/main.go:25.2,28.16 3 0
vortex_test/main.go:28.16,30.3 1 0
vortex_test/main.go:32.2,40.29 6 0
vortex_test/main.go:40.29,45.3 3 0
vortex_test/main.go:47.2,47.29 1 0
vortex_test/main.go:47.29,52.3 3 0
vortex_test/main.go:54.2,54.33 1 0
vortex_test/docs/docs.go:366.13,368.2 1 0
vortex_test/internal/infrastructure/db/db.go:17.44,29.16 9 0
vortex_test/internal/infrastructure/db/db.go:29.16,31.3 1 0
vortex_test/internal/infrastructure/db/db.go:33.2,34.16 2 0
vortex_test/internal/infrastructure/db/db.go:34.16,36.3 1 0
vortex_test/internal/infrastructure/db/db.go:37.2,37.37 1 0
vortex_test/internal/infrastructure/db/db.go:37.37,39.3 1 0
vortex_test/internal/infrastructure/db/db.go:41.2,41.16 1 0
vortex_test/internal/infrastructure/db/db.go:48.33,58.51 1 0
vortex_test/internal/infrastructure/db/db.go:58.51,60.3 1 0
vortex_test/internal/infrastructure/db/db.go:62.2,79.69 1 0
vortex_test/internal/infrastructure/db/db.go:79.69,81.3 1 0
vortex_test/internal/infrastructure/db/db.go:83.2,83.12 1 0
vortex_test/internal/models/order_book.go:25.47,27.2 1 0
vortex_test/internal/models/order_book.go:29.48,30.27 1 0
vortex_test/internal/models/order_book.go:31.14,32.30 1 0
vortex_test/internal/models/order_book.go:33.14,34.38 1 0
vortex_test/internal/models/order_book.go:35.10,36.51 1 0
vortex_test/internal/models/order_book.go:48.50,56.2 1 1
vortex_test/internal/models/order_book.go:58.42,66.2 1 1
vortex_test/internal/models/order_book.go:68.55,70.31 2 1
vortex_test/internal/models/order_book.go:70.31,72.3 1 0
vortex_test/internal/models/order_book.go:73.2,73.15 1 1
vortex_test/internal/models/order_book.go:76.55,78.31 2 1
vortex_test/internal/models/order_book.go:78.31,80.3 1 0
vortex_test/internal/models/order_book.go:81.2,81.15 1 1
vortex_test/internal/modules/controller/order_controller.go:24.65,26.2 1 0
vortex_test/internal/modules/controller/order_controller.go:41.93,45.38 3 0
vortex_test/internal/modules/controller/order_controller.go:45.38,48.3 2 0
vortex_test/internal/modules/controller/order_controller.go:50.2,51.16 2 0
vortex_test/internal/modules/controller/order_controller.go:51.16,52.45 1 0
vortex_test/internal/modules/controller/order_controller.go:52.45,55.4 2 0
vortex_test/internal/modules/controller/order_controller.go:57.3,58.9 2 0
vortex_test/internal/modules/controller/order_controller.go:61.2,64.16 4 0
vortex_test/internal/modules/controller/order_controller.go:79.94,82.36 3 0
vortex_test/internal/modules/controller/order_controller.go:82.36,85.3 2 0
vortex_test/internal/modules/controller/order_controller.go:87.2,88.16 2 0
vortex_test/internal/modules/controller/order_controller.go:88.16,91.3 2 0
vortex_test/internal/modules/controller/order_controller.go:93.2,93.30 1 0
vortex_test/internal/modules/controller/order_controller.go:108.96,111.16 3 0
vortex_test/internal/modules/controller/order_controller.go:111.16,114.3 2 0
vortex_test/internal/modules/controller/order_controller.go:116.2,117.16 2 0
vortex_test/internal/modules/controller/order_controller.go:117.16,118.45 1 0
vortex_test/internal/modules/controller/order_controller.go:118.45,121.4 2 0
vortex_test/internal/modules/controller/order_controller.go:123.3,124.9 2 0
vortex_test/internal/modules/controller/order_controller.go:127.2,130.16 4 0
vortex_test/internal/modules/controller/order_controller.go:144.90,147.81 3 0
vortex_test/internal/modules/controller/order_controller.go:147.81,150.3 2 0
vortex_test/internal/modules/controller/order_controller.go:152.2,153.16 2 0
vortex_test/internal/modules/controller/order_controller.go:153.16,156.3 2 0
vortex_test/internal/modules/controller/order_controller.go:158.2,158.30 1 0
vortex_test/internal/modules/repository/order_repository.go:20.53,22.2 1 0
vortex_test/internal/modules/repository/order_repository.go:28.99,34.26 3 0
vortex_test/internal/modules/repository/order_repository.go:34.26,36.3 1 0
vortex_test/internal/modules/repository/order_repository.go:37.2,37.21 1 0
vortex_test/internal/modules/repository/order_repository.go:37.21,39.3 1 0
vortex_test/internal/modules/repository/order_repository.go:41.2,41.19 1 0
vortex_test/internal/modules/repository/order_repository.go:48.73,51.21 2 0
vortex_test/internal/modules/repository/order_repository.go:51.21,53.3 1 0
vortex_test/internal/modules/repository/order_repository.go:55.2,55.12 1 0
vortex_test/internal/modules/repository/order_repository.go:62.105,71.26 3 0
vortex_test/internal/modules/repository/order_repository.go:71.26,73.3 1 0
vortex_test/internal/modules/repository/order_repository.go:75.2,75.21 1 0
vortex_test/internal/modules/repository/order_repository.go:75.21,77.3 1 0
vortex_test/internal/modules/repository/order_repository.go:79.2,79.26 1 0
vortex_test/internal/modules/repository/order_repository.go:86.83,89.21 2 0
vortex_test/internal/modules/repository/order_repository.go:89.21,91.3 1 0
vortex_test/internal/modules/repository/order_repository.go:93.2,93.12 1 0
vortex_test/internal/modules/service/order_service.go:19.65,21.2 1 1
vortex_test/internal/modules/service/order_service.go:27.102,29.16 2 1
vortex_test/internal/modules/service/order_service.go:29.16,31.3 1 1
vortex_test/internal/modules/service/order_service.go:33.2,34.31 2 1
vortex_test/internal/modules/service/order_service.go:34.31,37.3 2 1
vortex_test/internal/modules/service/order_service.go:38.2,38.23 1 1
vortex_test/internal/modules/service/order_service.go:45.120,56.2 3 1
vortex_test/internal/modules/service/order_service.go:59.101,61.2 1 1
vortex_test/internal/modules/service/order_service.go:67.97,75.2 6 1
